#
# There is insufficient memory for the Java Runtime Environment to continue.
# Native memory allocation (malloc) failed to allocate 47376 bytes for Chunk::new
# Possible reasons:
#   The system is out of physical RAM or swap space
#   The process is running with CompressedOops enabled, and the Java Heap may be blocking the growth of the native heap
# Possible solutions:
#   Reduce memory load on the system
#   Increase physical memory or swap space
#   Check if swap backing store is full
#   Decrease Java heap size (-Xmx/-Xms)
#   Decrease number of Java threads
#   Decrease Java thread stack sizes (-Xss)
#   Set larger code cache with -XX:ReservedCodeCacheSize=
#   JVM is running with Unscaled Compressed Oops mode in which the Java heap is
#     placed in the first 4GB address space. The Java Heap base address is the
#     maximum limit for the native heap growth. Please use -XX:HeapBaseMinAddress
#     to set the Java Heap base and to place the Java Heap above 4GB virtual address.
# This output file may be truncated or incomplete.
#
#  Out of Memory Error (t:/workspace/open/src/hotspot/share/memory/arena.cpp:197), pid=11524, tid=17168
#
# JRE version: Java(TM) SE Runtime Environment (12.0.2+10) (build 12.0.2+10)
# Java VM: Java HotSpot(TM) 64-Bit Server VM (12.0.2+10, mixed mode, sharing, tiered, compressed oops, g1 gc, windows-amd64)
# No core dump will be written. Minidumps are not enabled by default on client versions of Windows
#

---------------  S U M M A R Y ------------

Command Line: -Dapplication.home=C:\Program Files\Java\jdk-12.0.2 --add-modules=ALL-DEFAULT -Xms8m -Djdk.module.main=jdk.compiler jdk.compiler/com.sun.tools.javac.Main -d C:\Users\IDEAPAD GAMING\Documents\Semester 4\Prak PBO\ProjectAkhirPrakPBO\build\classes -classpath C:\Users\IDEAPAD GAMING\Documents\Semester 4\Prak PBO\ProjectAkhirPrakPBO\build\classes;D:\netbeans\java\modules\ext\AbsoluteLayout.jar -sourcepath C:\Users\IDEAPAD GAMING\Documents\Semester 4\Prak PBO\ProjectAkhirPrakPBO\src -target 12 -encoding UTF-8 -g -processorpath D:\netbeans\java\modules\ext\AbsoluteLayout.jar;C:\Users\IDEAPAD GAMING\Documents\Semester 4\Prak PBO\ProjectAkhirPrakPBO\build\empty -s C:\Users\IDEAPAD GAMING\Documents\Semester 4\Prak PBO\ProjectAkhirPrakPBO\build\generated-sources\ap-source-output -source 12 C:\Users\IDEAPAD GAMING\Documents\Semester 4\Prak PBO\ProjectAkhirPrakPBO\src\View\LoginAnggotaView.java

Host: AMD Ryzen 7 5800H with Radeon Graphics         , 16 cores, 5G,  Windows 10 , 64 bit Build 22621 (10.0.22621.3527)
Time: Fri May 24 15:37:47 2024 SE Asia Standard Time elapsed time: 0 seconds (0d 0h 0m 0s)

---------------  T H R E A D  ---------------

Current thread (0x000001ab6b8fd000):  JavaThread "C2 CompilerThread0" daemon [_thread_in_native, id=17168, stack(0x0000005cc1600000,0x0000005cc1700000)]


Current CompileTask:
C2:     79  278       4       java.lang.StringLatin1::indexOf (61 bytes)

Stack: [0x0000005cc1600000,0x0000005cc1700000]
Native frames: (J=compiled Java code, j=interpreted, Vv=VM code, C=native code)
V  [jvm.dll+0x63aa2a]
V  [jvm.dll+0x78ce1e]
V  [jvm.dll+0x78e4c1]
V  [jvm.dll+0x78eb13]
V  [jvm.dll+0x2627e8]
V  [jvm.dll+0xc55cc]
V  [jvm.dll+0xc5b4c]
V  [jvm.dll+0x37a677]
V  [jvm.dll+0x3463d3]
V  [jvm.dll+0x34579a]
V  [jvm.dll+0x21c205]
V  [jvm.dll+0x21b3da]
V  [jvm.dll+0x199a20]
V  [jvm.dll+0x22a744]
V  [jvm.dll+0x228d98]
V  [jvm.dll+0x7512a0]
V  [jvm.dll+0x74a2c8]
V  [jvm.dll+0x639b16]
C  [ucrtbase.dll+0x29333]
C  [KERNEL32.DLL+0x1257d]
C  [ntdll.dll+0x5aa48]


---------------  P R O C E S S  ---------------

Threads class SMR info:
_java_thread_list=0x000001ab6c911700, length=13, elements={
0x000001ab4b69a800, 0x000001ab4b69d000, 0x000001ab6b8fa000, 0x000001ab6b8fb000,
0x000001ab6b8fd000, 0x000001ab6b900800, 0x000001ab6b90f000, 0x000001ab6c774000,
0x000001ab6c779000, 0x000001ab6c77e800, 0x000001ab6c789800, 0x000001ab6c7e7800,
0x000001ab4b5c9000
}

Java Threads: ( => current thread )
  0x000001ab4b69a800 JavaThread "Reference Handler" daemon [_thread_blocked, id=12592, stack(0x0000005cc1200000,0x0000005cc1300000)]
  0x000001ab4b69d000 JavaThread "Finalizer" daemon [_thread_blocked, id=25344, stack(0x0000005cc1300000,0x0000005cc1400000)]
  0x000001ab6b8fa000 JavaThread "Signal Dispatcher" daemon [_thread_blocked, id=9020, stack(0x0000005cc1400000,0x0000005cc1500000)]
  0x000001ab6b8fb000 JavaThread "Attach Listener" daemon [_thread_blocked, id=19944, stack(0x0000005cc1500000,0x0000005cc1600000)]
=>0x000001ab6b8fd000 JavaThread "C2 CompilerThread0" daemon [_thread_in_native, id=17168, stack(0x0000005cc1600000,0x0000005cc1700000)]
  0x000001ab6b900800 JavaThread "C1 CompilerThread0" daemon [_thread_blocked, id=10532, stack(0x0000005cc1700000,0x0000005cc1800000)]
  0x000001ab6b90f000 JavaThread "Sweeper thread" daemon [_thread_blocked, id=12476, stack(0x0000005cc1800000,0x0000005cc1900000)]
  0x000001ab6c774000 JavaThread "Common-Cleaner" daemon [_thread_blocked, id=6816, stack(0x0000005cc1900000,0x0000005cc1a00000)]
  0x000001ab6c779000 JavaThread "C1 CompilerThread1" daemon [_thread_blocked, id=26076, stack(0x0000005cc1a00000,0x0000005cc1b00000)]
  0x000001ab6c77e800 JavaThread "C1 CompilerThread2" daemon [_thread_blocked, id=21752, stack(0x0000005cc1b00000,0x0000005cc1c00000)]
  0x000001ab6c789800 JavaThread "C2 CompilerThread1" daemon [_thread_in_native, id=2508, stack(0x0000005cc1c00000,0x0000005cc1d00000)]
  0x000001ab6c7e7800 JavaThread "Service Thread" daemon [_thread_blocked, id=14148, stack(0x0000005cc1d00000,0x0000005cc1e00000)]
  0x000001ab4b5c9000 JavaThread "DestroyJavaVM" [_thread_blocked, id=27772, stack(0x0000005cc0b00000,0x0000005cc0c00000)]

Other Threads:
  0x000001ab4b699000 VMThread "VM Thread" [stack: 0x0000005cc1100000,0x0000005cc1200000] [id=14220]
  0x000001ab6c802800 WatcherThread [stack: 0x0000005cc1e00000,0x0000005cc1f00000] [id=29180]
  0x000001ab4b600000 GCTaskThread "GC Thread#0" [stack: 0x0000005cc0c00000,0x0000005cc0d00000] [id=21416]
  0x000001ab6c8ab000 GCTaskThread "GC Thread#1" [stack: 0x0000005cc1f00000,0x0000005cc2000000] [id=27368]
  0x000001ab4b60a800 ConcurrentGCThread "G1 Main Marker" [stack: 0x0000005cc0d00000,0x0000005cc0e00000] [id=28748]
  0x000001ab4b60c000 ConcurrentGCThread "G1 Conc#0" [stack: 0x0000005cc0e00000,0x0000005cc0f00000] [id=28168]
  0x000001ab6c823800 ConcurrentGCThread "G1 Conc#1" [stack: 0x0000005cc2000000,0x0000005cc2100000] [id=13084]
  0x000001ab6c8c3000 ConcurrentGCThread "G1 Conc#2" [stack: 0x0000005cc2100000,0x0000005cc2200000] [id=8552]
  0x000001ab4b651000 ConcurrentGCThread "G1 Refine#0" [stack: 0x0000005cc0f00000,0x0000005cc1000000] [id=27308]
  0x000001ab4b652000 ConcurrentGCThread "G1 Young RemSet Sampling" [stack: 0x0000005cc1000000,0x0000005cc1100000] [id=7620]

Threads with active compile tasks:
C2 CompilerThread0   278       4       java.lang.StringLatin1::indexOf (61 bytes)
C2 CompilerThread1   340       4       java.util.HashMap::putVal (300 bytes)

VM state:not at safepoint (normal execution)

VM Mutex/Monitor currently owned by a thread: None

Heap address: 0x00000000a2400000, size: 1500 MB, Compressed Oops mode: 32-bit
Narrow klass base: 0x0000000800000000, Narrow klass shift: 3
Compressed class space size: 1073741824 Address: 0x0000000801190000

Heap:
 garbage-first heap   total 8192K, used 1046K [0x00000000a2400000, 0x0000000100000000)
  region size 1024K, 2 young (2048K), 1 survivors (1024K)
 Metaspace       used 1690K, capacity 2208K, committed 2432K, reserved 1081344K
  class space    used 204K, capacity 588K, committed 640K, reserved 1048576K
Heap Regions: E=young(eden), S=young(survivor), O=old, HS=humongous(starts), HC=humongous(continues), CS=collection set, F=free, A=archive, TAMS=top-at-mark-start (previous, next)
|   0|0x00000000a2400000, 0x00000000a24de000, 0x00000000a2500000| 86%| O|  |TAMS 0x00000000a2400000, 0x00000000a2400000| Untracked 
|   1|0x00000000a2500000, 0x00000000a2500000, 0x00000000a2600000|  0%| F|  |TAMS 0x00000000a2500000, 0x00000000a2500000| Untracked 
|   2|0x00000000a2600000, 0x00000000a2600000, 0x00000000a2700000|  0%| F|  |TAMS 0x00000000a2600000, 0x00000000a2600000| Untracked 
|   3|0x00000000a2700000, 0x00000000a2700000, 0x00000000a2800000|  0%| F|  |TAMS 0x00000000a2700000, 0x00000000a2700000| Untracked 
|   4|0x00000000a2800000, 0x00000000a2800000, 0x00000000a2900000|  0%| F|  |TAMS 0x00000000a2800000, 0x00000000a2800000| Untracked 
|   5|0x00000000a2900000, 0x00000000a2900000, 0x00000000a2a00000|  0%| F|  |TAMS 0x00000000a2900000, 0x00000000a2900000| Untracked 
|   6|0x00000000a2a00000, 0x00000000a2a278c0, 0x00000000a2b00000| 15%| S|CS|TAMS 0x00000000a2a00000, 0x00000000a2a00000| Complete 
|   7|0x00000000a2b00000, 0x00000000a2b4bc50, 0x00000000a2c00000| 29%| E|  |TAMS 0x00000000a2b00000, 0x00000000a2b00000| Complete 

Card table byte_map: [0x000001ab65460000,0x000001ab65750000] _byte_map_base: 0x000001ab64f4e000

Marking Bits (Prev, Next): (CMBitMap*) 0x000001ab4b600b08, (CMBitMap*) 0x000001ab4b600b48
 Prev Bits: [0x000001ab65a40000, 0x000001ab671b0000)
 Next Bits: [0x000001ab671b0000, 0x000001ab68920000)

Polling page: 0x000001ab4b6a0000

Metaspace:

Usage:
  Non-class:      1.58 MB capacity,     1.45 MB ( 92%) used,   129.27 KB (  8%) free+waste,     5.06 KB ( <1%) overhead. 
      Class:    588.00 KB capacity,   204.95 KB ( 35%) used,   380.42 KB ( 65%) free+waste,     2.63 KB ( <1%) overhead. 
       Both:      2.16 MB capacity,     1.65 MB ( 77%) used,   509.70 KB ( 23%) free+waste,     7.69 KB ( <1%) overhead. 

Virtual space:
  Non-class space:       32.00 MB reserved,       1.75 MB (  5%) committed 
      Class space:        1.00 GB reserved,     640.00 KB ( <1%) committed 
             Both:        1.03 GB reserved,       2.38 MB ( <1%) committed 

Chunk freelists:
   Non-Class:  5.50 KB
       Class:  2.50 KB
        Both:  8.00 KB

CodeHeap 'non-profiled nmethods': size=119168Kb used=98Kb max_used=98Kb free=119070Kb
 bounds [0x000001ab5cd50000, 0x000001ab5cfc0000, 0x000001ab641b0000]
CodeHeap 'profiled nmethods': size=119168Kb used=487Kb max_used=487Kb free=118681Kb
 bounds [0x000001ab558f0000, 0x000001ab55b60000, 0x000001ab5cd50000]
CodeHeap 'non-nmethods': size=7424Kb used=2187Kb max_used=2190Kb free=5236Kb
 bounds [0x000001ab551b0000, 0x000001ab55420000, 0x000001ab558f0000]
 total_blobs=764 nmethods=351 adapters=246
 compilation: enabled
              stopped_count=0, restarted_count=0
 full_count=0

Compilation events (10 events):
Event: 0.072 Thread 0x000001ab6c789800 nmethod 305 0x000001ab5cd65090 code [0x000001ab5cd65220, 0x000001ab5cd652b8]
Event: 0.073 Thread 0x000001ab6c77e800  306       3       jdk.internal.misc.VM::initLevel (4 bytes)
Event: 0.073 Thread 0x000001ab6c77e800 nmethod 306 0x000001ab55957710 code [0x000001ab559578c0, 0x000001ab55957a18]
Event: 0.075 Thread 0x000001ab6c779000  307       3       jdk.internal.misc.VM::isModuleSystemInited (13 bytes)
Event: 0.075 Thread 0x000001ab6c789800  308       4       java.lang.String::coder (15 bytes)
Event: 0.075 Thread 0x000001ab6c779000 nmethod 307 0x000001ab55957a90 code [0x000001ab55957c60, 0x000001ab55957e58]
Event: 0.075 Thread 0x000001ab6c789800 nmethod 308 0x000001ab5cd65390 code [0x000001ab5cd65520, 0x000001ab5cd65598]
Event: 0.076 Thread 0x000001ab6b900800  309   !   3       java.nio.DirectIntBufferU::get (29 bytes)
Event: 0.076 Thread 0x000001ab6c77e800  310       3       java.nio.Buffer::checkIndex (22 bytes)
Event: 0.076 Thread 0x000001ab6c779000  311       3       java.nio.DirectIntBufferU::ix (10 bytes)

GC Heap History (3 events):
Event: 0.065 GC heap before
{Heap before GC invocations=0 (full 0):
 garbage-first heap   total 8192K, used 1024K [0x00000000a2400000, 0x0000000100000000)
  region size 1024K, 2 young (2048K), 0 survivors (0K)
 Metaspace       used 973K, capacity 1446K, committed 1536K, reserved 1075200K
  class space    used 114K, capacity 482K, committed 512K, reserved 1048576K
}
Event: 0.066 GC heap after
{Heap after GC invocations=1 (full 0):
 garbage-first heap   total 8192K, used 901K [0x00000000a2400000, 0x0000000100000000)
  region size 1024K, 1 young (1024K), 1 survivors (1024K)
 Metaspace       used 973K, capacity 1446K, committed 1536K, reserved 1075200K
  class space    used 114K, capacity 482K, committed 512K, reserved 1048576K
}
Event: 0.076 GC heap before
{Heap before GC invocations=2 (full 0):
 garbage-first heap   total 8192K, used 901K [0x00000000a2400000, 0x0000000100000000)
  region size 1024K, 2 young (2048K), 1 survivors (1024K)
 Metaspace       used 1250K, capacity 1752K, committed 1920K, reserved 1081344K
  class space    used 144K, capacity 520K, committed 640K, reserved 1048576K
}

Deoptimization events (4 events):
Event: 0.059 Thread 0x000001ab4b5c9000 Uncommon trap: reason=class_check action=maybe_recompile pc=0x000001ab5cd5ed9c method=java.util.HashMap.putVal(ILjava/lang/Object;Ljava/lang/Object;ZZ)Ljava/lang/Object; @ 152 c2
Event: 0.059 Thread 0x000001ab4b5c9000 Uncommon trap: reason=class_check action=maybe_recompile pc=0x000001ab5cd5ed9c method=java.util.HashMap.putVal(ILjava/lang/Object;Ljava/lang/Object;ZZ)Ljava/lang/Object; @ 152 c2
Event: 0.059 Thread 0x000001ab4b5c9000 Uncommon trap: reason=class_check action=maybe_recompile pc=0x000001ab5cd5ed9c method=java.util.HashMap.putVal(ILjava/lang/Object;Ljava/lang/Object;ZZ)Ljava/lang/Object; @ 152 c2
Event: 0.059 Thread 0x000001ab4b5c9000 Uncommon trap: reason=class_check action=maybe_recompile pc=0x000001ab5cd5ed9c method=java.util.HashMap.putVal(ILjava/lang/Object;Ljava/lang/Object;ZZ)Ljava/lang/Object; @ 152 c2

Classes redefined (0 events):
No events

Internal exceptions (0 events):
No events

Events (10 events):
Event: 0.067 Executing VM operation: G1Concurrent done
Event: 0.068 loading class java/lang/IndexOutOfBoundsException
Event: 0.068 loading class java/lang/IndexOutOfBoundsException done
Event: 0.068 loading class java/util/NoSuchElementException
Event: 0.068 loading class java/util/NoSuchElementException done
Event: 0.068 loading class com/sun/tools/javac/util/JavacMessages$ResourceBundleHelper
Event: 0.068 loading class com/sun/tools/javac/util/JavacMessages$ResourceBundleHelper done
Event: 0.069 loading class com/sun/tools/javac/resources/spi/compilerProvider
Event: 0.069 loading class com/sun/tools/javac/resources/spi/compilerProvider done
Event: 0.076 Executing VM operation: CollectForMetadataAllocation


Dynamic libraries:
0x00007ff7af8d0000 - 0x00007ff7af8d8000 	C:\Program Files\Java\jdk-12.0.2\bin\javac.exe
0x00007ffe27a30000 - 0x00007ffe27c47000 	C:\WINDOWS\SYSTEM32\ntdll.dll
0x00007ffe26060000 - 0x00007ffe26124000 	C:\WINDOWS\System32\KERNEL32.DLL
0x00007ffe253b0000 - 0x00007ffe25757000 	C:\WINDOWS\System32\KERNELBASE.dll
0x00007ffe25150000 - 0x00007ffe25261000 	C:\WINDOWS\System32\ucrtbase.dll
0x00007ffe1c580000 - 0x00007ffe1c596000 	C:\Program Files\Java\jdk-12.0.2\bin\VCRUNTIME140.dll
0x00007ffe21460000 - 0x00007ffe21478000 	C:\Program Files\Java\jdk-12.0.2\bin\jli.dll
0x00007ffe27290000 - 0x00007ffe27342000 	C:\WINDOWS\System32\ADVAPI32.dll
0x00007ffe27070000 - 0x00007ffe27117000 	C:\WINDOWS\System32\msvcrt.dll
0x00007ffe275b0000 - 0x00007ffe27658000 	C:\WINDOWS\System32\sechost.dll
0x00007ffe24ea0000 - 0x00007ffe24ec8000 	C:\WINDOWS\System32\bcrypt.dll
0x00007ffe26360000 - 0x00007ffe26475000 	C:\WINDOWS\System32\RPCRT4.dll
0x00007ffe26770000 - 0x00007ffe2691e000 	C:\WINDOWS\System32\USER32.dll
0x00007ffe24d50000 - 0x00007ffe24d76000 	C:\WINDOWS\System32\win32u.dll
0x00007ffe06cb0000 - 0x00007ffe06f43000 	C:\WINDOWS\WinSxS\amd64_microsoft.windows.common-controls_6595b64144ccf1df_6.0.22621.3527_none_270e469b73872a76\COMCTL32.dll
0x00007ffe264a0000 - 0x00007ffe264c9000 	C:\WINDOWS\System32\GDI32.dll
0x00007ffe24d80000 - 0x00007ffe24e99000 	C:\WINDOWS\System32\gdi32full.dll
0x00007ffe24ed0000 - 0x00007ffe24f6a000 	C:\WINDOWS\System32\msvcp_win.dll
0x00007ffe1c600000 - 0x00007ffe1c60a000 	C:\WINDOWS\SYSTEM32\VERSION.dll
0x00007ffe25760000 - 0x00007ffe25791000 	C:\WINDOWS\System32\IMM32.DLL
0x00007ffe12410000 - 0x00007ffe124ba000 	C:\Program Files\Java\jdk-12.0.2\bin\msvcp140.dll
0x00007ffddb6e0000 - 0x00007ffddc257000 	C:\Program Files\Java\jdk-12.0.2\bin\server\jvm.dll
0x00007ffe27120000 - 0x00007ffe27128000 	C:\WINDOWS\System32\PSAPI.DLL
0x00007ffe1d590000 - 0x00007ffe1d5c4000 	C:\WINDOWS\SYSTEM32\WINMM.dll
0x00007ffe21420000 - 0x00007ffe21429000 	C:\WINDOWS\SYSTEM32\WSOCK32.dll
0x00007ffe26b50000 - 0x00007ffe26bc1000 	C:\WINDOWS\System32\WS2_32.dll
0x00007ffe23dc0000 - 0x00007ffe23dd8000 	C:\WINDOWS\SYSTEM32\kernel.appcore.dll
0x00007ffe1b750000 - 0x00007ffe1b761000 	C:\Program Files\Java\jdk-12.0.2\bin\verify.dll
0x00007ffe227a0000 - 0x00007ffe229d2000 	C:\WINDOWS\SYSTEM32\DBGHELP.DLL
0x00007ffe27660000 - 0x00007ffe279e8000 	C:\WINDOWS\System32\combase.dll
0x00007ffe264d0000 - 0x00007ffe265a7000 	C:\WINDOWS\System32\OLEAUT32.dll
0x00007ffe06920000 - 0x00007ffe06952000 	C:\WINDOWS\SYSTEM32\dbgcore.DLL
0x00007ffe25330000 - 0x00007ffe253a9000 	C:\WINDOWS\System32\bcryptPrimitives.dll
0x00007ffe12d80000 - 0x00007ffe12da6000 	C:\Program Files\Java\jdk-12.0.2\bin\java.dll
0x00007ffe13770000 - 0x00007ffe13787000 	C:\Program Files\Java\jdk-12.0.2\bin\zip.dll
0x00007ffe213f0000 - 0x00007ffe213fa000 	C:\Program Files\Java\jdk-12.0.2\bin\jimage.dll
0x00007ffe25800000 - 0x00007ffe2605c000 	C:\WINDOWS\System32\SHELL32.dll
0x00007ffe22ca0000 - 0x00007ffe23596000 	C:\WINDOWS\SYSTEM32\windows.storage.dll
0x00007ffe22b60000 - 0x00007ffe22c9e000 	C:\WINDOWS\SYSTEM32\wintypes.dll
0x00007ffe273b0000 - 0x00007ffe274a5000 	C:\WINDOWS\System32\SHCORE.dll
0x00007ffe27350000 - 0x00007ffe273ae000 	C:\WINDOWS\System32\shlwapi.dll
0x00007ffe24c80000 - 0x00007ffe24ca1000 	C:\WINDOWS\SYSTEM32\profapi.dll

dbghelp: loaded successfully - version: 4.0.5 - missing functions: none
symbol engine: initialized successfully - sym options: 0x614 - pdb path: .;C:\Program Files\Java\jdk-12.0.2\bin;C:\WINDOWS\SYSTEM32;C:\WINDOWS\WinSxS\amd64_microsoft.windows.common-controls_6595b64144ccf1df_6.0.22621.3527_none_270e469b73872a76;C:\Program Files\Java\jdk-12.0.2\bin\server

VM Arguments:
jvm_args: -Dapplication.home=C:\Program Files\Java\jdk-12.0.2 --add-modules=ALL-DEFAULT -Xms8m -Djdk.module.main=jdk.compiler 
java_command: jdk.compiler/com.sun.tools.javac.Main -d C:\Users\IDEAPAD GAMING\Documents\Semester 4\Prak PBO\ProjectAkhirPrakPBO\build\classes -classpath C:\Users\IDEAPAD GAMING\Documents\Semester 4\Prak PBO\ProjectAkhirPrakPBO\build\classes;D:\netbeans\java\modules\ext\AbsoluteLayout.jar -sourcepath C:\Users\IDEAPAD GAMING\Documents\Semester 4\Prak PBO\ProjectAkhirPrakPBO\src -target 12 -encoding UTF-8 -g -processorpath D:\netbeans\java\modules\ext\AbsoluteLayout.jar;C:\Users\IDEAPAD GAMING\Documents\Semester 4\Prak PBO\ProjectAkhirPrakPBO\build\empty -s C:\Users\IDEAPAD GAMING\Documents\Semester 4\Prak PBO\ProjectAkhirPrakPBO\build\generated-sources\ap-source-output -source 12 C:\Users\IDEAPAD GAMING\Documents\Semester 4\Prak PBO\ProjectAkhirPrakPBO\src\View\LoginAnggotaView.java
java_class_path (initial): <not set>
Launcher Type: SUN_STANDARD

[Global flags]
     intx CICompilerCount                          = 12                                        {product} {ergonomic}
     uint ConcGCThreads                            = 3                                         {product} {ergonomic}
     uint G1ConcRefinementThreads                  = 13                                        {product} {ergonomic}
   size_t G1HeapRegionSize                         = 1048576                                   {product} {ergonomic}
    uintx GCDrainStackTargetSize                   = 64                                        {product} {ergonomic}
   size_t InitialHeapSize                          = 8388608                                   {product} {command line}
   size_t MarkStackSize                            = 4194304                                   {product} {ergonomic}
   size_t MaxHeapSize                              = 1572864000                                {product} {ergonomic}
   size_t MaxNewSize                               = 943718400                                 {product} {ergonomic}
   size_t MinHeapDeltaBytes                        = 1048576                                   {product} {ergonomic}
    uintx NonNMethodCodeHeapSize                   = 7594288                                {pd product} {ergonomic}
    uintx NonProfiledCodeHeapSize                  = 122031976                              {pd product} {ergonomic}
    uintx ProfiledCodeHeapSize                     = 122031976                              {pd product} {ergonomic}
    uintx ReservedCodeCacheSize                    = 251658240                              {pd product} {ergonomic}
     bool SegmentedCodeCache                       = true                                      {product} {ergonomic}
     bool UseCompressedClassPointers               = true                                 {lp64_product} {ergonomic}
     bool UseCompressedOops                        = true                                 {lp64_product} {ergonomic}
     bool UseG1GC                                  = true                                      {product} {ergonomic}
     bool UseLargePagesIndividualAllocation        = false                                  {pd product} {ergonomic}

Logging:
Log output configuration:
 #0: stdout all=warning uptime,level,tags
 #1: stderr all=off uptime,level,tags

Environment Variables:
JAVA_HOME=C:\Program Files\Java\jdk-12.0.2
PATH=C:\Windows\system32;C:\Windows;C:\Windows\System32\Wbem;C:\Windows\System32\WindowsPowerShell\v1.0\;C:\Windows\System32\OpenSSH\;C:\Program Files (x86)\NVIDIA Corporation\PhysX\Common;C:\Program Files\NVIDIA Corporation\NVIDIA NvDLISR;C:\Program Files\IBM\SPSS\Statistics\23\JRE\bin;C:\WINDOWS\system32;C:\WINDOWS;C:\WINDOWS\System32\Wbem;C:\WINDOWS\System32\WindowsPowerShell\v1.0\;C:\WINDOWS\System32\OpenSSH\;C:\Program Files\Git\cmd;C:\xampp\php;C:\ProgramData\ComposerSetup\bin;C:\Program Files\MATLAB\R2019a\runtime\win64;C:\Program Files\MATLAB\R2019a\bin;C:\Program Files\MATLAB\R2019a\polyspace\bin;C:\Program Files\Java\jdk-12.0.2\bin;C:\Users\IDEAPAD GAMING\AppData\Local\Microsoft\WindowsApps;;C:\Users\IDEAPAD GAMING\OneDrive\Documents\C++\bin;C:\Users\IDEAPAD GAMING\AppData\Local\Programs\Microsoft VS Code\bin;C:\Users\IDEAPAD GAMING\AppData\Roaming\Composer\vendor\bin
USERNAME=IDEAPAD GAMING
OS=Windows_NT
PROCESSOR_IDENTIFIER=AMD64 Family 25 Model 80 Stepping 0, AuthenticAMD



---------------  S Y S T E M  ---------------

OS: Windows 10 , 64 bit Build 22621 (10.0.22621.3527)

CPU:total 16 (initial active 16) (16 cores per cpu, 2 threads per core) family 25 model 80 stepping 0, cmov, cx8, fxsr, mmx, sse, sse2, sse3, ssse3, sse4.1, sse4.2, popcnt, avx, avx2, aes, clmul, erms, mmxext, 3dnowpref, lzcnt, sse4a, ht, tsc, tscinvbit, tscinv, bmi1, bmi2, adx, sha, fma

Memory: 4k page, system-wide physical 5996M (568M free)
TotalPageFile size 24428M (AvailPageFile size 0M)
current process WorkingSet (physical memory assigned to process): 38M, peak: 38M
current process commit charge ("private bytes"): 91M, peak: 91M

vm_info: Java HotSpot(TM) 64-Bit Server VM (12.0.2+10) for windows-amd64 JRE (12.0.2+10), built on Jul 16 2019 01:56:17 by "mach5one" with MS VC++ 15.5 (VS2017)

END.
